<?xml version="1.0" encoding="UTF-8"?>
<testng-results skipped="4" failed="0" ignored="0" total="5" passed="1">
  <reporter-output>
  </reporter-output>
  <suite name="Default suite" duration-ms="26455" started-at="2020-03-24T04:51:23Z" finished-at="2020-03-24T04:51:50Z">
    <groups>
      <group name="cucumber">
        <method signature="AbstractTestNGCucumberTests.runScenario(cucumber.api.testng.PickleEventWrapper, cucumber.api.testng.CucumberFeatureWrapper)[pri:0, instance:com.testCases.BasicFlow@520a3426]" name="runScenario" class="cucumber.api.testng.AbstractTestNGCucumberTests"/>
      </group> <!-- cucumber -->
    </groups>
    <test name="Default test" duration-ms="26455" started-at="2020-03-24T04:51:23Z" finished-at="2020-03-24T04:51:50Z">
      <class name="com.testCases.BasicFlow">
        <test-method status="PASS" signature="startReport()[pri:0, instance:com.testCases.BasicFlow@520a3426]" name="startReport" is-config="true" duration-ms="621" started-at="2020-03-24T04:51:23Z" finished-at="2020-03-24T04:51:23Z">
          <reporter-output>
          </reporter-output>
        </test-method> <!-- startReport -->
        <test-method status="PASS" signature="setData()[pri:0, instance:com.testCases.BasicFlow@520a3426]" name="setData" is-config="true" duration-ms="0" started-at="2020-03-24T04:51:23Z" finished-at="2020-03-24T04:51:23Z">
          <reporter-output>
          </reporter-output>
        </test-method> <!-- setData -->
        <test-method status="PASS" signature="setUpClass()[pri:0, instance:com.testCases.BasicFlow@520a3426]" name="setUpClass" is-config="true" duration-ms="152" started-at="2020-03-24T04:51:23Z" finished-at="2020-03-24T04:51:23Z">
          <reporter-output>
          </reporter-output>
        </test-method> <!-- setUpClass -->
        <test-method status="PASS" signature="report()[pri:0, instance:com.testCases.BasicFlow@520a3426]" name="report" is-config="true" duration-ms="10" started-at="2020-03-24T04:51:23Z" finished-at="2020-03-24T04:51:23Z">
          <reporter-output>
          </reporter-output>
        </test-method> <!-- report -->
        <test-method status="PASS" signature="beforeMethod()[pri:0, instance:com.testCases.BasicFlow@520a3426]" name="beforeMethod" is-config="true" duration-ms="7124" started-at="2020-03-24T04:51:23Z" finished-at="2020-03-24T04:51:31Z">
          <reporter-output>
          </reporter-output>
        </test-method> <!-- beforeMethod -->
        <test-method status="PASS" signature="tc001()[pri:0, instance:com.testCases.BasicFlow@520a3426]" name="tc001" duration-ms="8231" started-at="2020-03-24T04:51:31Z" finished-at="2020-03-24T04:51:39Z">
          <reporter-output>
          </reporter-output>
        </test-method> <!-- tc001 -->
        <test-method status="PASS" signature="afterMethod()[pri:0, instance:com.testCases.BasicFlow@520a3426]" name="afterMethod" is-config="true" duration-ms="5318" started-at="2020-03-24T04:51:39Z" finished-at="2020-03-24T04:51:44Z">
          <reporter-output>
          </reporter-output>
        </test-method> <!-- afterMethod -->
        <test-method status="FAIL" signature="beforeMethod()[pri:0, instance:com.testCases.BasicFlow@520a3426]" name="beforeMethod" is-config="true" duration-ms="5500" started-at="2020-03-24T04:51:44Z" finished-at="2020-03-24T04:51:50Z">
          <exception class="java.lang.RuntimeException">
            <full-stacktrace>
              <![CDATA[java.lang.RuntimeException
at com.amazon.selenium.base.SeleniumBase.startApp(SeleniumBase.java:274)
at com.qa.ApplicationSpecifics.ProjectSpecificMethods.beforeMethod(ProjectSpecificMethods.java:21)
at sun.reflect.NativeMethodAccessorImpl.invoke0(Native Method)
at sun.reflect.NativeMethodAccessorImpl.invoke(Unknown Source)
at sun.reflect.DelegatingMethodAccessorImpl.invoke(Unknown Source)
at java.lang.reflect.Method.invoke(Unknown Source)
at org.testng.internal.MethodInvocationHelper.invokeMethod(MethodInvocationHelper.java:124)
at org.testng.internal.MethodInvocationHelper.invokeMethodConsideringTimeout(MethodInvocationHelper.java:59)
at org.testng.internal.Invoker.invokeConfigurationMethod(Invoker.java:458)
at org.testng.internal.Invoker.invokeConfigurations(Invoker.java:222)
at org.testng.internal.Invoker.invokeMethod(Invoker.java:523)
at org.testng.internal.Invoker.invokeTestMethod(Invoker.java:719)
at org.testng.internal.Invoker.invokeTestMethods(Invoker.java:989)
at org.testng.internal.TestMethodWorker.invokeTestMethods(TestMethodWorker.java:125)
at org.testng.internal.TestMethodWorker.run(TestMethodWorker.java:109)
at org.testng.TestRunner.privateRun(TestRunner.java:648)
at org.testng.TestRunner.run(TestRunner.java:505)
at org.testng.SuiteRunner.runTest(SuiteRunner.java:455)
at org.testng.SuiteRunner.runSequentially(SuiteRunner.java:450)
at org.testng.SuiteRunner.privateRun(SuiteRunner.java:415)
at org.testng.SuiteRunner.run(SuiteRunner.java:364)
at org.testng.SuiteRunnerWorker.runSuite(SuiteRunnerWorker.java:52)
at org.testng.SuiteRunnerWorker.run(SuiteRunnerWorker.java:84)
at org.testng.TestNG.runSuitesSequentially(TestNG.java:1208)
at org.testng.TestNG.runSuitesLocally(TestNG.java:1137)
at org.testng.TestNG.runSuites(TestNG.java:1049)
at org.testng.TestNG.run(TestNG.java:1017)
at org.testng.remote.AbstractRemoteTestNG.run(AbstractRemoteTestNG.java:114)
at org.testng.remote.RemoteTestNG.initAndRun(RemoteTestNG.java:251)
at org.testng.remote.RemoteTestNG.main(RemoteTestNG.java:77)
]]>
            </full-stacktrace>
          </exception> <!-- java.lang.RuntimeException -->
          <reporter-output>
          </reporter-output>
        </test-method> <!-- beforeMethod -->
        <test-method status="SKIP" signature="tc002()[pri:0, instance:com.testCases.BasicFlow@520a3426]" name="tc002" duration-ms="0" started-at="2020-03-24T04:51:50Z" finished-at="2020-03-24T04:51:50Z">
          <exception class="java.lang.RuntimeException">
            <full-stacktrace>
              <![CDATA[java.lang.RuntimeException
at com.amazon.selenium.base.SeleniumBase.startApp(SeleniumBase.java:274)
at com.qa.ApplicationSpecifics.ProjectSpecificMethods.beforeMethod(ProjectSpecificMethods.java:21)
at sun.reflect.NativeMethodAccessorImpl.invoke0(Native Method)
at sun.reflect.NativeMethodAccessorImpl.invoke(Unknown Source)
at sun.reflect.DelegatingMethodAccessorImpl.invoke(Unknown Source)
at java.lang.reflect.Method.invoke(Unknown Source)
at org.testng.internal.MethodInvocationHelper.invokeMethod(MethodInvocationHelper.java:124)
at org.testng.internal.MethodInvocationHelper.invokeMethodConsideringTimeout(MethodInvocationHelper.java:59)
at org.testng.internal.Invoker.invokeConfigurationMethod(Invoker.java:458)
at org.testng.internal.Invoker.invokeConfigurations(Invoker.java:222)
at org.testng.internal.Invoker.invokeMethod(Invoker.java:523)
at org.testng.internal.Invoker.invokeTestMethod(Invoker.java:719)
at org.testng.internal.Invoker.invokeTestMethods(Invoker.java:989)
at org.testng.internal.TestMethodWorker.invokeTestMethods(TestMethodWorker.java:125)
at org.testng.internal.TestMethodWorker.run(TestMethodWorker.java:109)
at org.testng.TestRunner.privateRun(TestRunner.java:648)
at org.testng.TestRunner.run(TestRunner.java:505)
at org.testng.SuiteRunner.runTest(SuiteRunner.java:455)
at org.testng.SuiteRunner.runSequentially(SuiteRunner.java:450)
at org.testng.SuiteRunner.privateRun(SuiteRunner.java:415)
at org.testng.SuiteRunner.run(SuiteRunner.java:364)
at org.testng.SuiteRunnerWorker.runSuite(SuiteRunnerWorker.java:52)
at org.testng.SuiteRunnerWorker.run(SuiteRunnerWorker.java:84)
at org.testng.TestNG.runSuitesSequentially(TestNG.java:1208)
at org.testng.TestNG.runSuitesLocally(TestNG.java:1137)
at org.testng.TestNG.runSuites(TestNG.java:1049)
at org.testng.TestNG.run(TestNG.java:1017)
at org.testng.remote.AbstractRemoteTestNG.run(AbstractRemoteTestNG.java:114)
at org.testng.remote.RemoteTestNG.initAndRun(RemoteTestNG.java:251)
at org.testng.remote.RemoteTestNG.main(RemoteTestNG.java:77)
]]>
            </full-stacktrace>
          </exception> <!-- java.lang.RuntimeException -->
          <reporter-output>
          </reporter-output>
        </test-method> <!-- tc002 -->
        <test-method status="SKIP" signature="afterMethod()[pri:0, instance:com.testCases.BasicFlow@520a3426]" name="afterMethod" is-config="true" duration-ms="0" started-at="2020-03-24T04:51:50Z" finished-at="2020-03-24T04:51:50Z">
          <reporter-output>
          </reporter-output>
        </test-method> <!-- afterMethod -->
        <test-method status="SKIP" signature="beforeMethod()[pri:0, instance:com.testCases.BasicFlow@520a3426]" name="beforeMethod" is-config="true" duration-ms="0" started-at="2020-03-24T04:51:50Z" finished-at="2020-03-24T04:51:50Z">
          <reporter-output>
          </reporter-output>
        </test-method> <!-- beforeMethod -->
        <test-method status="SKIP" signature="tc003()[pri:0, instance:com.testCases.BasicFlow@520a3426]" name="tc003" duration-ms="0" started-at="2020-03-24T04:51:50Z" finished-at="2020-03-24T04:51:50Z">
          <exception class="java.lang.RuntimeException">
            <full-stacktrace>
              <![CDATA[java.lang.RuntimeException
at com.amazon.selenium.base.SeleniumBase.startApp(SeleniumBase.java:274)
at com.qa.ApplicationSpecifics.ProjectSpecificMethods.beforeMethod(ProjectSpecificMethods.java:21)
at sun.reflect.NativeMethodAccessorImpl.invoke0(Native Method)
at sun.reflect.NativeMethodAccessorImpl.invoke(Unknown Source)
at sun.reflect.DelegatingMethodAccessorImpl.invoke(Unknown Source)
at java.lang.reflect.Method.invoke(Unknown Source)
at org.testng.internal.MethodInvocationHelper.invokeMethod(MethodInvocationHelper.java:124)
at org.testng.internal.MethodInvocationHelper.invokeMethodConsideringTimeout(MethodInvocationHelper.java:59)
at org.testng.internal.Invoker.invokeConfigurationMethod(Invoker.java:458)
at org.testng.internal.Invoker.invokeConfigurations(Invoker.java:222)
at org.testng.internal.Invoker.invokeMethod(Invoker.java:523)
at org.testng.internal.Invoker.invokeTestMethod(Invoker.java:719)
at org.testng.internal.Invoker.invokeTestMethods(Invoker.java:989)
at org.testng.internal.TestMethodWorker.invokeTestMethods(TestMethodWorker.java:125)
at org.testng.internal.TestMethodWorker.run(TestMethodWorker.java:109)
at org.testng.TestRunner.privateRun(TestRunner.java:648)
at org.testng.TestRunner.run(TestRunner.java:505)
at org.testng.SuiteRunner.runTest(SuiteRunner.java:455)
at org.testng.SuiteRunner.runSequentially(SuiteRunner.java:450)
at org.testng.SuiteRunner.privateRun(SuiteRunner.java:415)
at org.testng.SuiteRunner.run(SuiteRunner.java:364)
at org.testng.SuiteRunnerWorker.runSuite(SuiteRunnerWorker.java:52)
at org.testng.SuiteRunnerWorker.run(SuiteRunnerWorker.java:84)
at org.testng.TestNG.runSuitesSequentially(TestNG.java:1208)
at org.testng.TestNG.runSuitesLocally(TestNG.java:1137)
at org.testng.TestNG.runSuites(TestNG.java:1049)
at org.testng.TestNG.run(TestNG.java:1017)
at org.testng.remote.AbstractRemoteTestNG.run(AbstractRemoteTestNG.java:114)
at org.testng.remote.RemoteTestNG.initAndRun(RemoteTestNG.java:251)
at org.testng.remote.RemoteTestNG.main(RemoteTestNG.java:77)
]]>
            </full-stacktrace>
          </exception> <!-- java.lang.RuntimeException -->
          <reporter-output>
          </reporter-output>
        </test-method> <!-- tc003 -->
        <test-method status="SKIP" signature="afterMethod()[pri:0, instance:com.testCases.BasicFlow@520a3426]" name="afterMethod" is-config="true" duration-ms="0" started-at="2020-03-24T04:51:50Z" finished-at="2020-03-24T04:51:50Z">
          <reporter-output>
          </reporter-output>
        </test-method> <!-- afterMethod -->
        <test-method status="SKIP" signature="beforeMethod()[pri:0, instance:com.testCases.BasicFlow@520a3426]" name="beforeMethod" is-config="true" duration-ms="0" started-at="2020-03-24T04:51:50Z" finished-at="2020-03-24T04:51:50Z">
          <reporter-output>
          </reporter-output>
        </test-method> <!-- beforeMethod -->
        <test-method status="SKIP" signature="tc005()[pri:0, instance:com.testCases.BasicFlow@520a3426]" name="tc005" duration-ms="0" started-at="2020-03-24T04:51:50Z" finished-at="2020-03-24T04:51:50Z">
          <exception class="java.lang.RuntimeException">
            <full-stacktrace>
              <![CDATA[java.lang.RuntimeException
at com.amazon.selenium.base.SeleniumBase.startApp(SeleniumBase.java:274)
at com.qa.ApplicationSpecifics.ProjectSpecificMethods.beforeMethod(ProjectSpecificMethods.java:21)
at sun.reflect.NativeMethodAccessorImpl.invoke0(Native Method)
at sun.reflect.NativeMethodAccessorImpl.invoke(Unknown Source)
at sun.reflect.DelegatingMethodAccessorImpl.invoke(Unknown Source)
at java.lang.reflect.Method.invoke(Unknown Source)
at org.testng.internal.MethodInvocationHelper.invokeMethod(MethodInvocationHelper.java:124)
at org.testng.internal.MethodInvocationHelper.invokeMethodConsideringTimeout(MethodInvocationHelper.java:59)
at org.testng.internal.Invoker.invokeConfigurationMethod(Invoker.java:458)
at org.testng.internal.Invoker.invokeConfigurations(Invoker.java:222)
at org.testng.internal.Invoker.invokeMethod(Invoker.java:523)
at org.testng.internal.Invoker.invokeTestMethod(Invoker.java:719)
at org.testng.internal.Invoker.invokeTestMethods(Invoker.java:989)
at org.testng.internal.TestMethodWorker.invokeTestMethods(TestMethodWorker.java:125)
at org.testng.internal.TestMethodWorker.run(TestMethodWorker.java:109)
at org.testng.TestRunner.privateRun(TestRunner.java:648)
at org.testng.TestRunner.run(TestRunner.java:505)
at org.testng.SuiteRunner.runTest(SuiteRunner.java:455)
at org.testng.SuiteRunner.runSequentially(SuiteRunner.java:450)
at org.testng.SuiteRunner.privateRun(SuiteRunner.java:415)
at org.testng.SuiteRunner.run(SuiteRunner.java:364)
at org.testng.SuiteRunnerWorker.runSuite(SuiteRunnerWorker.java:52)
at org.testng.SuiteRunnerWorker.run(SuiteRunnerWorker.java:84)
at org.testng.TestNG.runSuitesSequentially(TestNG.java:1208)
at org.testng.TestNG.runSuitesLocally(TestNG.java:1137)
at org.testng.TestNG.runSuites(TestNG.java:1049)
at org.testng.TestNG.run(TestNG.java:1017)
at org.testng.remote.AbstractRemoteTestNG.run(AbstractRemoteTestNG.java:114)
at org.testng.remote.RemoteTestNG.initAndRun(RemoteTestNG.java:251)
at org.testng.remote.RemoteTestNG.main(RemoteTestNG.java:77)
]]>
            </full-stacktrace>
          </exception> <!-- java.lang.RuntimeException -->
          <reporter-output>
          </reporter-output>
        </test-method> <!-- tc005 -->
        <test-method status="SKIP" signature="afterMethod()[pri:0, instance:com.testCases.BasicFlow@520a3426]" name="afterMethod" is-config="true" duration-ms="0" started-at="2020-03-24T04:51:50Z" finished-at="2020-03-24T04:51:50Z">
          <reporter-output>
          </reporter-output>
        </test-method> <!-- afterMethod -->
        <test-method status="SKIP" signature="beforeMethod()[pri:0, instance:com.testCases.BasicFlow@520a3426]" name="beforeMethod" is-config="true" duration-ms="0" started-at="2020-03-24T04:51:50Z" finished-at="2020-03-24T04:51:50Z">
          <reporter-output>
          </reporter-output>
        </test-method> <!-- beforeMethod -->
        <test-method status="SKIP" signature="tc008()[pri:0, instance:com.testCases.BasicFlow@520a3426]" name="tc008" duration-ms="0" started-at="2020-03-24T04:51:50Z" finished-at="2020-03-24T04:51:50Z">
          <exception class="java.lang.RuntimeException">
            <full-stacktrace>
              <![CDATA[java.lang.RuntimeException
at com.amazon.selenium.base.SeleniumBase.startApp(SeleniumBase.java:274)
at com.qa.ApplicationSpecifics.ProjectSpecificMethods.beforeMethod(ProjectSpecificMethods.java:21)
at sun.reflect.NativeMethodAccessorImpl.invoke0(Native Method)
at sun.reflect.NativeMethodAccessorImpl.invoke(Unknown Source)
at sun.reflect.DelegatingMethodAccessorImpl.invoke(Unknown Source)
at java.lang.reflect.Method.invoke(Unknown Source)
at org.testng.internal.MethodInvocationHelper.invokeMethod(MethodInvocationHelper.java:124)
at org.testng.internal.MethodInvocationHelper.invokeMethodConsideringTimeout(MethodInvocationHelper.java:59)
at org.testng.internal.Invoker.invokeConfigurationMethod(Invoker.java:458)
at org.testng.internal.Invoker.invokeConfigurations(Invoker.java:222)
at org.testng.internal.Invoker.invokeMethod(Invoker.java:523)
at org.testng.internal.Invoker.invokeTestMethod(Invoker.java:719)
at org.testng.internal.Invoker.invokeTestMethods(Invoker.java:989)
at org.testng.internal.TestMethodWorker.invokeTestMethods(TestMethodWorker.java:125)
at org.testng.internal.TestMethodWorker.run(TestMethodWorker.java:109)
at org.testng.TestRunner.privateRun(TestRunner.java:648)
at org.testng.TestRunner.run(TestRunner.java:505)
at org.testng.SuiteRunner.runTest(SuiteRunner.java:455)
at org.testng.SuiteRunner.runSequentially(SuiteRunner.java:450)
at org.testng.SuiteRunner.privateRun(SuiteRunner.java:415)
at org.testng.SuiteRunner.run(SuiteRunner.java:364)
at org.testng.SuiteRunnerWorker.runSuite(SuiteRunnerWorker.java:52)
at org.testng.SuiteRunnerWorker.run(SuiteRunnerWorker.java:84)
at org.testng.TestNG.runSuitesSequentially(TestNG.java:1208)
at org.testng.TestNG.runSuitesLocally(TestNG.java:1137)
at org.testng.TestNG.runSuites(TestNG.java:1049)
at org.testng.TestNG.run(TestNG.java:1017)
at org.testng.remote.AbstractRemoteTestNG.run(AbstractRemoteTestNG.java:114)
at org.testng.remote.RemoteTestNG.initAndRun(RemoteTestNG.java:251)
at org.testng.remote.RemoteTestNG.main(RemoteTestNG.java:77)
]]>
            </full-stacktrace>
          </exception> <!-- java.lang.RuntimeException -->
          <reporter-output>
          </reporter-output>
        </test-method> <!-- tc008 -->
        <test-method status="SKIP" signature="afterMethod()[pri:0, instance:com.testCases.BasicFlow@520a3426]" name="afterMethod" is-config="true" duration-ms="0" started-at="2020-03-24T04:51:50Z" finished-at="2020-03-24T04:51:50Z">
          <reporter-output>
          </reporter-output>
        </test-method> <!-- afterMethod -->
        <test-method status="PASS" signature="tearDownClass()[pri:0, instance:com.testCases.BasicFlow@520a3426]" name="tearDownClass" is-config="true" duration-ms="6" started-at="2020-03-24T04:51:50Z" finished-at="2020-03-24T04:51:50Z">
          <reporter-output>
          </reporter-output>
        </test-method> <!-- tearDownClass -->
        <test-method status="PASS" signature="stopReport()[pri:0, instance:com.testCases.BasicFlow@520a3426]" name="stopReport" is-config="true" duration-ms="421" started-at="2020-03-24T04:51:50Z" finished-at="2020-03-24T04:51:50Z">
          <reporter-output>
          </reporter-output>
        </test-method> <!-- stopReport -->
      </class> <!-- com.testCases.BasicFlow -->
    </test> <!-- Default test -->
  </suite> <!-- Default suite -->
</testng-results>
